# JRE version: OpenJDK Runtime Environment (17.0.10) (build 17.0.10+0--11609105)
# Java VM: OpenJDK 64-Bit Server VM (17.0.10+0--11609105, mixed mode, tiered, compressed oops, compressed class ptrs, g1 gc, windows-amd64)
GC Precious Log:
 CPUs: 8 total, 8 available
 Memory: 7985M
 Large Page Support: Disabled
 NUMA Support: Disabled
 Compressed Oops: Enabled (32-bit)
 Heap Region Size: 1M
 Heap Min Capacity: 8M
 Heap Initial Capacity: 126M
 Heap Max Capacity: 2G
 Pre-touch: Disabled
 Parallel Workers: 8
 Concurrent Workers: 2
 Concurrent Refinement Workers: 8
 Periodic GC: Disabled
Heap:
 garbage-first heap   total 104448K, used 67362K [0x0000000080000000, 0x0000000100000000)
  region size 1024K, 3 young (3072K), 1 survivors (1024K)
 Metaspace       used 60234K, committed 60864K, reserved 1114112K
  class space    used 8263K, committed 8576K, reserved 1048576K
GC Heap History (20 events):
Event: 3.329 GC heap before
{Heap before GC invocations=9 (full 0):
 garbage-first heap   total 71680K, used 54384K [0x0000000080000000, 0x0000000100000000)
  region size 1024K, 32 young (32768K), 2 survivors (2048K)
 Metaspace       used 41273K, committed 41600K, reserved 1114112K
  class space    used 5472K, committed 5632K, reserved 1048576K
}
Event: 3.335 GC heap after
{Heap after GC invocations=10 (full 0):
 garbage-first heap   total 86016K, used 28337K [0x0000000080000000, 0x0000000100000000)
  region size 1024K, 4 young (4096K), 4 survivors (4096K)
 Metaspace       used 41273K, committed 41600K, reserved 1114112K
  class space    used 5472K, committed 5632K, reserved 1048576K
}
Event: 3.673 GC heap before
{Heap before GC invocations=10 (full 0):
 garbage-first heap   total 86016K, used 66225K [0x0000000080000000, 0x0000000100000000)
  region size 1024K, 41 young (41984K), 4 survivors (4096K)
 Metaspace       used 43619K, committed 44096K, reserved 1114112K
  class space    used 5839K, committed 6080K, reserved 1048576K
}
Event: 3.678 GC heap after
{Heap after GC invocations=11 (full 0):
 garbage-first heap   total 86016K, used 30861K [0x0000000080000000, 0x0000000100000000)
  region size 1024K, 6 young (6144K), 6 survivors (6144K)
 Metaspace       used 43619K, committed 44096K, reserved 1114112K
  class space    used 5839K, committed 6080K, reserved 1048576K
}
Event: 4.055 GC heap before
{Heap before GC invocations=11 (full 0):
 garbage-first heap   total 86016K, used 65677K [0x0000000080000000, 0x0000000100000000)
  region size 1024K, 40 young (40960K), 6 survivors (6144K)
 Metaspace       used 47823K, committed 48320K, reserved 1114112K
  class space    used 6542K, committed 6784K, reserved 1048576K
}
Event: 4.060 GC heap after
{Heap after GC invocations=12 (full 0):
 garbage-first heap   total 86016K, used 32681K [0x0000000080000000, 0x0000000100000000)
  region size 1024K, 2 young (2048K), 2 survivors (2048K)
 Metaspace       used 47823K, committed 48320K, reserved 1114112K
  class space    used 6542K, committed 6784K, reserved 1048576K
}
Event: 4.505 GC heap before
{Heap before GC invocations=12 (full 0):
 garbage-first heap   total 86016K, used 67497K [0x0000000080000000, 0x0000000100000000)
  region size 1024K, 36 young (36864K), 2 survivors (2048K)
 Metaspace       used 52326K, committed 52800K, reserved 1114112K
  class space    used 7271K, committed 7488K, reserved 1048576K
}
Event: 4.508 GC heap after
{Heap after GC invocations=13 (full 0):
 garbage-first heap   total 86016K, used 34407K [0x0000000080000000, 0x0000000100000000)
  region size 1024K, 4 young (4096K), 4 survivors (4096K)
 Metaspace       used 52326K, committed 52800K, reserved 1114112K
  class space    used 7271K, committed 7488K, reserved 1048576K
}
Event: 5.140 GC heap before
{Heap before GC invocations=13 (full 0):
 garbage-first heap   total 86016K, used 68199K [0x0000000080000000, 0x0000000100000000)
  region size 1024K, 36 young (36864K), 4 survivors (4096K)
 Metaspace       used 55870K, committed 56384K, reserved 1114112K
  class space    used 7667K, committed 7936K, reserved 1048576K
}
Event: 5.145 GC heap after
{Heap after GC invocations=14 (full 0):
 garbage-first heap   total 86016K, used 37840K [0x0000000080000000, 0x0000000100000000)
  region size 1024K, 5 young (5120K), 5 survivors (5120K)
 Metaspace       used 55870K, committed 56384K, reserved 1114112K
  class space    used 7667K, committed 7936K, reserved 1048576K
}
Event: 5.499 GC heap before
{Heap before GC invocations=14 (full 0):
 garbage-first heap   total 86016K, used 66512K [0x0000000080000000, 0x0000000100000000)
  region size 1024K, 34 young (34816K), 5 survivors (5120K)
 Metaspace       used 56686K, committed 57280K, reserved 1114112K
  class space    used 7770K, committed 8064K, reserved 1048576K
}
Event: 5.508 GC heap after
{Heap after GC invocations=15 (full 0):
 garbage-first heap   total 86016K, used 43068K [0x0000000080000000, 0x0000000100000000)
  region size 1024K, 5 young (5120K), 5 survivors (5120K)
 Metaspace       used 56686K, committed 57280K, reserved 1114112K
  class space    used 7770K, committed 8064K, reserved 1048576K
}
Event: 5.665 GC heap before
{Heap before GC invocations=15 (full 0):
 garbage-first heap   total 86016K, used 65596K [0x0000000080000000, 0x0000000100000000)
  region size 1024K, 28 young (28672K), 5 survivors (5120K)
 Metaspace       used 57014K, committed 57600K, reserved 1114112K
  class space    used 7802K, committed 8064K, reserved 1048576K
}
Event: 5.669 GC heap after
{Heap after GC invocations=16 (full 0):
 garbage-first heap   total 103424K, used 44404K [0x0000000080000000, 0x0000000100000000)
  region size 1024K, 4 young (4096K), 4 survivors (4096K)
 Metaspace       used 57014K, committed 57600K, reserved 1114112K
  class space    used 7802K, committed 8064K, reserved 1048576K
}
Event: 6.120 GC heap before
{Heap before GC invocations=17 (full 0):
 garbage-first heap   total 103424K, used 90484K [0x0000000080000000, 0x0000000100000000)
  region size 1024K, 37 young (37888K), 4 survivors (4096K)
 Metaspace       used 58618K, committed 59200K, reserved 1114112K
  class space    used 8037K, committed 8320K, reserved 1048576K
}
Event: 6.124 GC heap after
{Heap after GC invocations=18 (full 0):
 garbage-first heap   total 104448K, used 65067K [0x0000000080000000, 0x0000000100000000)
  region size 1024K, 5 young (5120K), 5 survivors (5120K)
 Metaspace       used 58618K, committed 59200K, reserved 1114112K
  class space    used 8037K, committed 8320K, reserved 1048576K
}
Event: 6.136 GC heap before
{Heap before GC invocations=18 (full 0):
 garbage-first heap   total 104448K, used 67115K [0x0000000080000000, 0x0000000100000000)
  region size 1024K, 6 young (6144K), 5 survivors (5120K)
 Metaspace       used 58676K, committed 59200K, reserved 1114112K
  class space    used 8047K, committed 8320K, reserved 1048576K
}
Event: 6.138 GC heap after
{Heap after GC invocations=19 (full 0):
 garbage-first heap   total 104448K, used 66111K [0x0000000080000000, 0x0000000100000000)
  region size 1024K, 1 young (1024K), 1 survivors (1024K)
 Metaspace       used 58676K, committed 59200K, reserved 1114112K
  class space    used 8047K, committed 8320K, reserved 1048576K
}
Event: 6.309 GC heap before
{Heap before GC invocations=19 (full 0):
 garbage-first heap   total 104448K, used 83519K [0x0000000080000000, 0x0000000100000000)
  region size 1024K, 18 young (18432K), 1 survivors (1024K)
 Metaspace       used 60049K, committed 60672K, reserved 1114112K
  class space    used 8238K, committed 8512K, reserved 1048576K
}
Event: 6.310 GC heap after
{Heap after GC invocations=20 (full 0):
 garbage-first heap   total 104448K, used 66338K [0x0000000080000000, 0x0000000100000000)
  region size 1024K, 1 young (1024K), 1 survivors (1024K)
 Metaspace       used 60049K, committed 60672K, reserved 1114112K
  class space    used 8238K, committed 8512K, reserved 1048576K
}

