# JRE version: OpenJDK Runtime Environment (17.0.10) (build 17.0.10+0--11609105)
# Java VM: OpenJDK 64-Bit Server VM (17.0.10+0--11609105, mixed mode, tiered, compressed oops, compressed class ptrs, g1 gc, windows-amd64)
GC Precious Log:
 CPUs: 8 total, 8 available
 Memory: 7985M
 Large Page Support: Disabled
 NUMA Support: Disabled
 Compressed Oops: Enabled (32-bit)
 Heap Region Size: 1M
 Heap Min Capacity: 8M
 Heap Initial Capacity: 126M
 Heap Max Capacity: 2G
 Pre-touch: Disabled
 Parallel Workers: 8
 Concurrent Workers: 2
 Concurrent Refinement Workers: 8
 Periodic GC: Disabled
Heap:
 garbage-first heap   total 129024K, used 63059K [0x0000000080000000, 0x0000000100000000)
  region size 1024K, 2 young (2048K), 2 survivors (2048K)
 Metaspace       used 58665K, committed 59264K, reserved 1114112K
  class space    used 8031K, committed 8320K, reserved 1048576K
GC Heap History (20 events):
Event: 3.096 GC heap after
{Heap after GC invocations=9 (full 0):
 garbage-first heap   total 71680K, used 23897K [0x0000000080000000, 0x0000000100000000)
  region size 1024K, 2 young (2048K), 2 survivors (2048K)
 Metaspace       used 35640K, committed 35968K, reserved 1114112K
  class space    used 4864K, committed 5056K, reserved 1048576K
}
Event: 3.457 GC heap before
{Heap before GC invocations=10 (full 0):
 garbage-first heap   total 71680K, used 54617K [0x0000000080000000, 0x0000000100000000)
  region size 1024K, 33 young (33792K), 2 survivors (2048K)
 Metaspace       used 41285K, committed 41664K, reserved 1114112K
  class space    used 5473K, committed 5632K, reserved 1048576K
}
Event: 3.461 GC heap after
{Heap after GC invocations=11 (full 0):
 garbage-first heap   total 100352K, used 28120K [0x0000000080000000, 0x0000000100000000)
  region size 1024K, 5 young (5120K), 5 survivors (5120K)
 Metaspace       used 41285K, committed 41664K, reserved 1114112K
  class space    used 5473K, committed 5632K, reserved 1048576K
}
Event: 3.463 GC heap before
{Heap before GC invocations=11 (full 0):
 garbage-first heap   total 100352K, used 29144K [0x0000000080000000, 0x0000000100000000)
  region size 1024K, 6 young (6144K), 5 survivors (5120K)
 Metaspace       used 41285K, committed 41664K, reserved 1114112K
  class space    used 5473K, committed 5632K, reserved 1048576K
}
Event: 3.467 GC heap after
{Heap after GC invocations=12 (full 0):
 garbage-first heap   total 100352K, used 28521K [0x0000000080000000, 0x0000000100000000)
  region size 1024K, 1 young (1024K), 1 survivors (1024K)
 Metaspace       used 41285K, committed 41664K, reserved 1114112K
  class space    used 5473K, committed 5632K, reserved 1048576K
}
Event: 3.867 GC heap before
{Heap before GC invocations=12 (full 0):
 garbage-first heap   total 100352K, used 75625K [0x0000000080000000, 0x0000000100000000)
  region size 1024K, 47 young (48128K), 1 survivors (1024K)
 Metaspace       used 44961K, committed 45376K, reserved 1114112K
  class space    used 6069K, committed 6272K, reserved 1048576K
}
Event: 3.870 GC heap after
{Heap after GC invocations=13 (full 0):
 garbage-first heap   total 100352K, used 31339K [0x0000000080000000, 0x0000000100000000)
  region size 1024K, 4 young (4096K), 4 survivors (4096K)
 Metaspace       used 44961K, committed 45376K, reserved 1114112K
  class space    used 6069K, committed 6272K, reserved 1048576K
}
Event: 4.399 GC heap before
{Heap before GC invocations=13 (full 0):
 garbage-first heap   total 100352K, used 76395K [0x0000000080000000, 0x0000000100000000)
  region size 1024K, 48 young (49152K), 4 survivors (4096K)
 Metaspace       used 50570K, committed 51008K, reserved 1114112K
  class space    used 6970K, committed 7168K, reserved 1048576K
}
Event: 4.403 GC heap after
{Heap after GC invocations=14 (full 0):
 garbage-first heap   total 100352K, used 33985K [0x0000000080000000, 0x0000000100000000)
  region size 1024K, 3 young (3072K), 3 survivors (3072K)
 Metaspace       used 50570K, committed 51008K, reserved 1114112K
  class space    used 6970K, committed 7168K, reserved 1048576K
}
Event: 5.039 GC heap before
{Heap before GC invocations=14 (full 0):
 garbage-first heap   total 100352K, used 79041K [0x0000000080000000, 0x0000000100000000)
  region size 1024K, 46 young (47104K), 3 survivors (3072K)
 Metaspace       used 55741K, committed 56256K, reserved 1114112K
  class space    used 7651K, committed 7936K, reserved 1048576K
}
Event: 5.043 GC heap after
{Heap after GC invocations=15 (full 0):
 garbage-first heap   total 100352K, used 37355K [0x0000000080000000, 0x0000000100000000)
  region size 1024K, 6 young (6144K), 6 survivors (6144K)
 Metaspace       used 55741K, committed 56256K, reserved 1114112K
  class space    used 7651K, committed 7936K, reserved 1048576K
}
Event: 5.408 GC heap before
{Heap before GC invocations=15 (full 0):
 garbage-first heap   total 100352K, used 78315K [0x0000000080000000, 0x0000000100000000)
  region size 1024K, 47 young (48128K), 6 survivors (6144K)
 Metaspace       used 56789K, committed 57280K, reserved 1114112K
  class space    used 7764K, committed 8000K, reserved 1048576K
}
Event: 5.414 GC heap after
{Heap after GC invocations=16 (full 0):
 garbage-first heap   total 100352K, used 41650K [0x0000000080000000, 0x0000000100000000)
  region size 1024K, 5 young (5120K), 5 survivors (5120K)
 Metaspace       used 56789K, committed 57280K, reserved 1114112K
  class space    used 7764K, committed 8000K, reserved 1048576K
}
Event: 5.686 GC heap before
{Heap before GC invocations=16 (full 0):
 garbage-first heap   total 100352K, used 75442K [0x0000000080000000, 0x0000000100000000)
  region size 1024K, 33 young (33792K), 5 survivors (5120K)
 Metaspace       used 57520K, committed 58048K, reserved 1114112K
  class space    used 7873K, committed 8128K, reserved 1048576K
}
Event: 5.690 GC heap after
{Heap after GC invocations=17 (full 0):
 garbage-first heap   total 100352K, used 52909K [0x0000000080000000, 0x0000000100000000)
  region size 1024K, 6 young (6144K), 6 survivors (6144K)
 Metaspace       used 57520K, committed 58048K, reserved 1114112K
  class space    used 7873K, committed 8128K, reserved 1048576K
}
Event: 5.784 GC heap before
{Heap before GC invocations=18 (full 0):
 garbage-first heap   total 100352K, used 63149K [0x0000000080000000, 0x0000000100000000)
  region size 1024K, 11 young (11264K), 6 survivors (6144K)
 Metaspace       used 57536K, committed 58112K, reserved 1114112K
  class space    used 7877K, committed 8128K, reserved 1048576K
}
Event: 5.787 GC heap after
{Heap after GC invocations=19 (full 0):
 garbage-first heap   total 100352K, used 61119K [0x0000000080000000, 0x0000000100000000)
  region size 1024K, 3 young (3072K), 3 survivors (3072K)
 Metaspace       used 57536K, committed 58112K, reserved 1114112K
  class space    used 7877K, committed 8128K, reserved 1048576K
}
Event: 5.928 GC heap before
{Heap before GC invocations=20 (full 0):
 garbage-first heap   total 109568K, used 74431K [0x0000000080000000, 0x0000000100000000)
  region size 1024K, 16 young (16384K), 3 survivors (3072K)
 Metaspace       used 58492K, committed 59072K, reserved 1114112K
  class space    used 8016K, committed 8320K, reserved 1048576K
}
Event: 5.930 GC heap after
{Heap after GC invocations=21 (full 0):
 garbage-first heap   total 109568K, used 62726K [0x0000000080000000, 0x0000000100000000)
  region size 1024K, 1 young (1024K), 1 survivors (1024K)
 Metaspace       used 58492K, committed 59072K, reserved 1114112K
  class space    used 8016K, committed 8320K, reserved 1048576K
}
Event: 5.958 GC heap before
{Heap before GC invocations=21 (full 0):
 garbage-first heap   total 109568K, used 64774K [0x0000000080000000, 0x0000000100000000)
  region size 1024K, 5 young (5120K), 1 survivors (1024K)
 Metaspace       used 58665K, committed 59264K, reserved 1114112K
  class space    used 8031K, committed 8320K, reserved 1048576K
}

